c:\users\twt\source\repos\consoleapplication1\consoleapplication1\release\consoleapplication1.pch
c:\users\twt\source\repos\consoleapplication1\consoleapplication1\release\vc120.pdb
c:\users\twt\source\repos\consoleapplication1\consoleapplication1\release\stdafx.obj
c:\users\twt\source\repos\consoleapplication1\consoleapplication1\release\stringoperator.obj
c:\users\twt\source\repos\consoleapplication1\consoleapplication1\release\rotateimage.obj
c:\users\twt\source\repos\consoleapplication1\consoleapplication1\release\kmeans.obj
c:\users\twt\source\repos\consoleapplication1\consoleapplication1\release\json_writer.obj
c:\users\twt\source\repos\consoleapplication1\consoleapplication1\release\json_value.obj
c:\users\twt\source\repos\consoleapplication1\consoleapplication1\release\json_reader.obj
c:\users\twt\source\repos\consoleapplication1\consoleapplication1\release\httpfileex.obj
c:\users\twt\source\repos\consoleapplication1\consoleapplication1\release\extractinfo.obj
c:\users\twt\source\repos\consoleapplication1\consoleapplication1\release\consoleapplication1.obj
c:\users\twt\source\repos\consoleapplication1\consoleapplication1\release\config.obj
c:\users\twt\source\repos\consoleapplication1\release\consoleapplication1.exe
c:\users\twt\source\repos\consoleapplication1\release\consoleapplication1.pdb
c:\users\twt\source\repos\consoleapplication1\consoleapplication1\release\consoleapplication1.res
c:\users\twt\source\repos\consoleapplication1\consoleapplication1\release\consolea.389899df.tlog\cl.command.1.tlog
c:\users\twt\source\repos\consoleapplication1\consoleapplication1\release\consolea.389899df.tlog\cl.read.1.tlog
c:\users\twt\source\repos\consoleapplication1\consoleapplication1\release\consolea.389899df.tlog\cl.write.1.tlog
c:\users\twt\source\repos\consoleapplication1\consoleapplication1\release\consolea.389899df.tlog\link.command.1.tlog
c:\users\twt\source\repos\consoleapplication1\consoleapplication1\release\consolea.389899df.tlog\link.read.1.tlog
c:\users\twt\source\repos\consoleapplication1\consoleapplication1\release\consolea.389899df.tlog\link.write.1.tlog
c:\users\twt\source\repos\consoleapplication1\consoleapplication1\release\consolea.389899df.tlog\rc.command.1.tlog
c:\users\twt\source\repos\consoleapplication1\consoleapplication1\release\consolea.389899df.tlog\rc.read.1.tlog
c:\users\twt\source\repos\consoleapplication1\consoleapplication1\release\consolea.389899df.tlog\rc.write.1.tlog
